Warning: source ../doxygen/images is not a readable file or directory... skipping.
Searching for include files...
Searching for example files...
Searching for images...
Searching for dot files...
Searching for files to exclude
Searching for files to process...
Searching for files in directory /home/viktor/Open-Graphtheory.org/sources/programs
Searching for files in directory /home/viktor/Open-Graphtheory.org/sources/programs/Algorithms
Searching for files in directory /home/viktor/Open-Graphtheory.org/sources/programs/Algorithms/Clique
Searching for files in directory /home/viktor/Open-Graphtheory.org/sources/programs/Export
Searching for files in directory /home/viktor/Open-Graphtheory.org/sources/programs/Generators
Searching for files in directory /home/viktor/Open-Graphtheory.org/sources/programs/Generators/CompleteGraph
Searching for files in directory /home/viktor/Open-Graphtheory.org/sources/programs/Generators/Cycle
Searching for files in directory /home/viktor/Open-Graphtheory.org/sources/programs/Generators/Random
Searching for files in directory /home/viktor/Open-Graphtheory.org/sources/programs/Import
Searching for files in directory /home/viktor/Open-Graphtheory.org/sources/programs/Visualizing
Searching for files in directory /home/viktor/Open-Graphtheory.org/sources/programs/Visualizing/AssignCoordinates
Searching for files in directory /home/viktor/Open-Graphtheory.org/sources/programs/Visualizing/DisplayWindow
Searching for files in directory /home/viktor/Open-Graphtheory.org/sources/examples
Searching for files in directory /home/viktor/Open-Graphtheory.org/sources/examples/multithreading
Searching for files in directory /home/viktor/Open-Graphtheory.org/sources/opengt
Searching for files in directory /home/viktor/Open-Graphtheory.org/sources/opengt/clique
Searching for files in directory /home/viktor/Open-Graphtheory.org/sources/opengt/export
Searching for files in directory /home/viktor/Open-Graphtheory.org/sources/opengt/processing
Reading and parsing tag files
Preprocessing /home/viktor/Open-Graphtheory.org/sources/programs/Algorithms/Clique/algo_neighborhood.h...
Parsing file /home/viktor/Open-Graphtheory.org/sources/programs/Algorithms/Clique/algo_neighborhood.h...
Preprocessing /home/viktor/Open-Graphtheory.org/sources/programs/Algorithms/Clique/clique.cpp...
Parsing file /home/viktor/Open-Graphtheory.org/sources/programs/Algorithms/Clique/clique.cpp...
Preprocessing /home/viktor/Open-Graphtheory.org/sources/programs/Export/export.cpp...
Parsing file /home/viktor/Open-Graphtheory.org/sources/programs/Export/export.cpp...
Preprocessing /home/viktor/Open-Graphtheory.org/sources/programs/Generators/CompleteGraph/gen_completegraph.cpp...
Parsing file /home/viktor/Open-Graphtheory.org/sources/programs/Generators/CompleteGraph/gen_completegraph.cpp...
Preprocessing /home/viktor/Open-Graphtheory.org/sources/programs/Generators/Cycle/gen_cycle.cpp...
Parsing file /home/viktor/Open-Graphtheory.org/sources/programs/Generators/Cycle/gen_cycle.cpp...
Preprocessing /home/viktor/Open-Graphtheory.org/sources/programs/Generators/Random/gen_random.cpp...
Parsing file /home/viktor/Open-Graphtheory.org/sources/programs/Generators/Random/gen_random.cpp...
Preprocessing /home/viktor/Open-Graphtheory.org/sources/programs/Visualizing/AssignCoordinates/assign_coordinates.cpp...
Parsing file /home/viktor/Open-Graphtheory.org/sources/programs/Visualizing/AssignCoordinates/assign_coordinates.cpp...
Preprocessing /home/viktor/Open-Graphtheory.org/sources/programs/Visualizing/DisplayWindow/display.cpp...
Parsing file /home/viktor/Open-Graphtheory.org/sources/programs/Visualizing/DisplayWindow/display.cpp...
Preprocessing /home/viktor/Open-Graphtheory.org/sources/programs/Visualizing/DisplayWindow/DisplayWindow.h...
Parsing file /home/viktor/Open-Graphtheory.org/sources/programs/Visualizing/DisplayWindow/DisplayWindow.h...
Preprocessing /home/viktor/Open-Graphtheory.org/sources/programs/Visualizing/DisplayWindow/vector2d.h...
Parsing file /home/viktor/Open-Graphtheory.org/sources/programs/Visualizing/DisplayWindow/vector2d.h...
Preprocessing /home/viktor/Open-Graphtheory.org/sources/examples/multithreading//home/viktor/Open-Graphtheory.org/sources/opengt/opengt.cpp:885: Warning: Member GetID found in multiple @defgroup groups! The member will be put in group graphaccessors, and not in group accessors
/home/viktor/Open-Graphtheory.org/sources/opengt/opengt.cpp:901: Warning: Member GetID found in multiple @defgroup groups! The member will be put in group vertexaccessors, and not in group accessors
/home/viktor/Open-Graphtheory.org/sources/opengt/opengt.cpp:949: Warning: Member GetID found in multiple @defgroup groups! The member will be put in group edgeaccessors, and not in group accessors
/home/viktor/Open-Graphtheory.org/sources/opengt/opengt.cpp:981: Warning: Member GetID found in multiple @defgroup groups! The member will be put in group arcaccessors, and not in group accessors
multithreading.cpp...
Parsing file /home/viktor/Open-Graphtheory.org/sources/examples/multithreading/multithreading.cpp...
Preprocessing /home/viktor/Open-Graphtheory.org/sources/opengt/export/dot.cpp...
Parsing file /home/viktor/Open-Graphtheory.org/sources/opengt/export/dot.cpp...
Preprocessing /home/viktor/Open-Graphtheory.org/sources/opengt/export/export.cpp...
Parsing file /home/viktor/Open-Graphtheory.org/sources/opengt/export/export.cpp...
Preprocessing /home/viktor/Open-Graphtheory.org/sources/opengt/export/export.h...
Parsing file /home/viktor/Open-Graphtheory.org/sources/opengt/export/export.h...
Preprocessing /home/viktor/Open-Graphtheory.org/sources/opengt/export/gastex.cpp...
Parsing file /home/viktor/Open-Graphtheory.org/sources/opengt/export/gastex.cpp...
Preprocessing /home/viktor/Open-Graphtheory.org/sources/opengt/export/gml.cpp...
Parsing file /home/viktor/Open-Graphtheory.org/sources/opengt/export/gml.cpp...
Preprocessing /home/viktor/Open-Graphtheory.org/sources/opengt/export/graphml.cpp...
Parsing file /home/viktor/Open-Graphtheory.org/sources/opengt/export/graphml.cpp...
Preprocessing /home/viktor/Open-Graphtheory.org/sources/opengt/export/gxl.cpp...
Parsing file /home/viktor/Open-Graphtheory.org/sources/opengt/export/gxl.cpp...
Preprocessing /home/viktor/Open-Graphtheory.org/sources/opengt/export/mpost.cpp...
Parsing file /home/viktor/Open-Graphtheory.org/sources/opengt/export/mpost.cpp...
Preprocessing /home/viktor/Open-Graphtheory.org/sources/opengt/export/tei.cpp...
Parsing file /home/viktor/Open-Graphtheory.org/sources/opengt/export/tei.cpp...
Preprocessing /home/viktor/Open-Graphtheory.org/sources/opengt/export/tgf.cpp...
Parsing file /home/viktor/Open-Graphtheory.org/sources/opengt/export/tgf.cpp...
Preprocessing /home/viktor/Open-Graphtheory.org/sources/opengt/export/vrmlgraph.cpp...
Parsing file /home/viktor/Open-Graphtheory.org/sources/opengt/export/vrmlgraph.cpp...
Preprocessing /home/viktor/Open-Graphtheory.org/sources/opengt/export/xgmml.cpp...
Parsing file /home/viktor/Open-Graphtheory.org/sources/opengt/export/xgmml.cpp...
Preprocessing /home/viktor/Open-Graphtheory.org/sources/opengt/opengt.cpp...
Parsing file /home/viktor/Open-Graphtheory.org/sources/opengt/opengt.cpp...
Preprocessing /home/viktor/Open-Graphtheory.org/sources/opengt/opengt.h...
Parsing file /home/viktor/Open-Graphtheory.org/sources/opengt/opengt.h...
Preprocessing /home/viktor/Open-Graphtheory.org/sources/opengt/processing/components.cpp...
Parsing file /home/viktor/Open-Graphtheory.org/sources/opengt/processing/components.cpp...
Preprocessing /home/viktor/Open-Graphtheory.org/sources/opengt/simple_xml.cpp...
Parsing file /home/viktor/Open-Graphtheory.org/sources/opengt/simple_xml.cpp...
Preprocessing /home/viktor/Open-Graphtheory.org/sources/opengt/simple_xml.h...
Parsing file /home/viktor/Open-Graphtheory.org/sources/opengt/simple_xml.h...
Building group list...
Building directory list...
Building namespace list...
Building file list...
Building class list...
Associating documentation with classes...
Computing nesting relations for classes...
Building example list...
Searching for enumerations...
Searching for documented typedefs...
Searching for members imported via using declarations...
Searching for included using directives...
Searching for documented variables...
Building member list...
Searching for friends...
Searching for documented defines...
Computing class inheritance relations...
Computing class usage relations...
Flushing cached template relations that have become invalid...
Creating members for template instances...
Computing class relations...
Add enum values to enums...
Searching for member function documentation...
Building page list...
Search for main page...
Computing page relations...
Determining the scope of groups...
Sorting lists...
Freeing entry tree
Determining which enums are documented
Computing member relations...
Building full member lists recursively...
Adding members to member groups.
Computing member references...
Inheriting documentation...
Generating disk names...
Adding source references...
Adding xrefitems...
Counting data structures...
Resolving user defined references...
Finding anchors and sections in the documentation...
Combining using relations...
Adding members to index pages...
Generating style sheet...
Generating index page...
Generating page index...
Generating example documentation...
Generating file sources...
Generating code for file opengt/export/export.h...
Generating code for file opengt/opengt.h...
Generating code for file opengt/simple_xml.h...
Generating code for file programs/Algorithms/Clique/algo_neighborhood.h...
Generating code for file programs/Visualizing/DisplayWindow/DisplayWindow.h...
Generating code for file programs/Visualizing/DisplayWindow/vector2d.h...
Generating file documentation...
Generating page documentation...
Generating group documentation...
Generating dependency graph for group accessors
Generating dependency graph for group graphaccessors
Generating dependency graph for group vertexaccessors
Generating dependency graph for group edgeaccessors
Generating dependency graph for group arcaccessors
Generating group index...
Generating class documentation...
Generating annotated compound index...
Generating alphabetical compound index...
Generating hierarchical class index...
Generating member index...
Generating docs for compound algorithm_info...
Generating docs for compound DisplayWindow...
Generating docs for compound Graph...
Generating docs for nested compound Graph::Arc...
Generating docs for nested compound Graph::ArcIterator...
Generating docs for nested compound Graph::Edge...
Generating docs for nested compound Graph::EdgeIterator...
Generating docs for nested compound Graph::Vertex...
Generating docs for nested compound Graph::VertexIterator...
Generating docs for compound thread_info...
Generating docs for compound Vector2D...
Generating docs for compound XML...
Generating docs for compound XML_Comment...
Generating docs for compound XML_Element...
Generating docs for compound XML_Text...
Generating graphical class hierarchy...
Generating namespace index...
Generating namespace member index...
Generating graph info page...
Generating file index...
Generating example index...
Generating file member index...
